Arguments: 
  /opt/homebrew/Cellar/node/19.4.0_1/bin/node /usr/local/bin/yarn add @aws-sdk

PATH: 
  /Users/tsogt/.rvm/gems/ruby-2.7.5/bin:/Users/tsogt/.rvm/gems/ruby-2.7.5@global/bin:/Users/tsogt/.rvm/rubies/ruby-2.7.5/bin:/Users/tsogt/.rbenv/shims:/opt/homebrew/bin:/opt/homebrew/sbin:/usr/local/bin:/usr/bin:/bin:/usr/sbin:/sbin:/Library/Apple/usr/bin:/Users/tsogt/.rvm/gems/ruby-2.7.5/bin:/Users/tsogt/.rvm/gems/ruby-2.7.5@global/bin:/Users/tsogt/.rvm/rubies/ruby-2.7.5/bin:/Users/tsogt/.rbenv/shims:/opt/homebrew/bin:/opt/homebrew/sbin:/Users/tsogt/.rvm/bin:/Users/tsogt/.rvm/bin

Yarn version: 
  1.22.11

Node version: 
  19.4.0

Platform: 
  darwin arm64

Trace: 
  Error: https://registry.yarnpkg.com/@aws-sdk: Request "https://registry.yarnpkg.com/@aws-sdk" returned a 405
      at params.callback [as _callback] (/usr/local/lib/node_modules/yarn/lib/cli.js:67001:18)
      at self.callback (/usr/local/lib/node_modules/yarn/lib/cli.js:140763:22)
      at Request.emit (node:events:513:28)
      at Request.<anonymous> (/usr/local/lib/node_modules/yarn/lib/cli.js:141735:10)
      at Request.emit (node:events:513:28)
      at IncomingMessage.<anonymous> (/usr/local/lib/node_modules/yarn/lib/cli.js:141657:12)
      at Object.onceWrapper (node:events:627:28)
      at IncomingMessage.emit (node:events:525:35)
      at endReadableNT (node:internal/streams/readable:1359:12)
      at process.processTicksAndRejections (node:internal/process/task_queues:82:21)

npm manifest: 
  {
    "dependencies": {
      "@aws-sdk/client-dynamodb": "^3.261.0",
      "@aws-sdk/client-s3": "^3.261.0",
      "@aws-sdk/util-dynamodb": "^3.261.0",
      "aws-lambda": "^1.0.7",
      "module": "^1.2.5"
    },
    "devDependencies": {
      "@types/aws-lambda": "^8.10.110",
      "serverless-plugin-typescript": "^2.1.4",
      "typescript": "^4.9.5"
    }
  }

yarn manifest: 
  No manifest

Lockfile: 
  No lockfile
